  Source.cpp
c:\program files (x86)\microsoft visual studio\2017\community\vc\tools\msvc\14.13.26128\include\xmemory0(917): error C3074: 配列は、かっこで囲まれた初期化子では初期化できません
  c:\program files (x86)\microsoft visual studio\2017\community\vc\tools\msvc\14.13.26128\include\vector(947): note: コンパイル対象の関数 テンプレート インスタンス化 'void std::_Default_allocator_traits<_Alloc>::construct<_Ty,int(&)[2]>(_Alloc &,_Objty (*const ),int (&)[2])' のリファレンスを確認してください
          with
          [
              _Alloc=std::allocator<int [2]>,
              _Ty=int [2],
              _Objty=int [2]
          ]
  c:\program files (x86)\microsoft visual studio\2017\community\vc\tools\msvc\14.13.26128\include\vector(968): note: コンパイル対象の関数 テンプレート インスタンス化 'void std::_Default_allocator_traits<_Alloc>::construct<_Ty,int(&)[2]>(_Alloc &,_Objty (*const ),int (&)[2])' のリファレンスを確認してください
          with
          [
              _Alloc=std::allocator<int [2]>,
              _Ty=int [2],
              _Objty=int [2]
          ]
  c:\users\zly07\source\repos\procon\cpp\arc\arc003-d\source.cpp(16): note: コンパイル対象の関数 テンプレート インスタンス化 'void std::vector<int [2],std::allocator<_Ty>>::emplace_back<int(&)[2]>(int (&)[2])' のリファレンスを確認してください
          with
          [
              _Ty=int [2]
          ]
